#! /usr/bin/vvp
:ivl_version "11.0 (stable)";
:ivl_delay_selection "TYPICAL";
:vpi_time_precision + 0;
:vpi_module "/usr/lib/x86_64-linux-gnu/ivl/system.vpi";
:vpi_module "/usr/lib/x86_64-linux-gnu/ivl/vhdl_sys.vpi";
:vpi_module "/usr/lib/x86_64-linux-gnu/ivl/vhdl_textio.vpi";
:vpi_module "/usr/lib/x86_64-linux-gnu/ivl/v2005_math.vpi";
:vpi_module "/usr/lib/x86_64-linux-gnu/ivl/va_math.vpi";
S_0x558d6e96ede0 .scope module, "Program_Counter" "Program_Counter" 2 1;
 .timescale 0 0;
    .port_info 0 /INPUT 1 "clk";
    .port_info 1 /INPUT 1 "reset";
    .port_info 2 /INPUT 64 "PC_In";
    .port_info 3 /OUTPUT 64 "PC_Out";
o0x7ff3ae4be018 .functor BUFZ 64, C4<zzzzzzzzzzzzzzzzzzzzzzzzzzzzzzzzzzzzzzzzzzzzzzzzzzzzzzzzzzzzzzzz>; HiZ drive
v0x558d6e970ba0_0 .net "PC_In", 63 0, o0x7ff3ae4be018;  0 drivers
v0x558d6e9b5ff0_0 .var "PC_Out", 63 0;
o0x7ff3ae4be078 .functor BUFZ 1, C4<z>; HiZ drive
v0x558d6e9b60d0_0 .net "clk", 0 0, o0x7ff3ae4be078;  0 drivers
o0x7ff3ae4be0a8 .functor BUFZ 1, C4<z>; HiZ drive
v0x558d6e9b61a0_0 .net "reset", 0 0, o0x7ff3ae4be0a8;  0 drivers
E_0x558d6e96f2d0 .event posedge, v0x558d6e9b61a0_0, v0x558d6e9b60d0_0;
    .scope S_0x558d6e96ede0;
T_0 ;
    %wait E_0x558d6e96f2d0;
    %load/vec4 v0x558d6e9b61a0_0;
    %cmpi/e 1, 0, 1;
    %flag_mov 8, 4;
    %jmp/0 T_0.0, 8;
    %pushi/vec4 0, 0, 64;
    %jmp/1 T_0.1, 8;
T_0.0 ; End of true expr.
    %load/vec4 v0x558d6e970ba0_0;
    %jmp/0 T_0.1, 8;
 ; End of false expr.
    %blend;
T_0.1;
    %store/vec4 v0x558d6e9b5ff0_0, 0, 64;
    %jmp T_0;
    .thread T_0;
# The file index is used to find the file name in the following table.
:file_names 3;
    "N/A";
    "<interactive>";
    "program_counter.v";
